The system is: Darwin - 15.6.0 - x86_64
Compiling the C compiler identification source file "CMakeCCompilerId.c" succeeded.
Compiler: /Applications/Xcode.app/Contents/Developer/Toolchains/XcodeDefault.xctoolchain/usr/bin/cc 
Build flags: 
Id flags:  

The output was:
0


Compilation of the C compiler identification source "CMakeCCompilerId.c" produced "a.out"

The C compiler identification is AppleClang, found in "/Users/leonardricci/Documents/Halite/Halite/CMakeFiles/3.10.1/CompilerIdC/a.out"

Compiling the CXX compiler identification source file "CMakeCXXCompilerId.cpp" succeeded.
Compiler: /Applications/Xcode.app/Contents/Developer/Toolchains/XcodeDefault.xctoolchain/usr/bin/c++ 
Build flags: 
Id flags:  

The output was:
0


Compilation of the CXX compiler identification source "CMakeCXXCompilerId.cpp" produced "a.out"

The CXX compiler identification is AppleClang, found in "/Users/leonardricci/Documents/Halite/Halite/CMakeFiles/3.10.1/CompilerIdCXX/a.out"

Determining if the C compiler works passed with the following output:
Change Dir: /Users/leonardricci/Documents/Halite/Halite/CMakeFiles/CMakeTmp

Run Build Command:"/usr/bin/make" "cmTC_309cb/fast"
/Applications/Xcode.app/Contents/Developer/usr/bin/make -f CMakeFiles/cmTC_309cb.dir/build.make CMakeFiles/cmTC_309cb.dir/build
Building C object CMakeFiles/cmTC_309cb.dir/testCCompiler.c.o
/Applications/Xcode.app/Contents/Developer/Toolchains/XcodeDefault.xctoolchain/usr/bin/cc    -o CMakeFiles/cmTC_309cb.dir/testCCompiler.c.o   -c /Users/leonardricci/Documents/Halite/Halite/CMakeFiles/CMakeTmp/testCCompiler.c
Linking C executable cmTC_309cb
/usr/local/Cellar/cmake/3.10.1/bin/cmake -E cmake_link_script CMakeFiles/cmTC_309cb.dir/link.txt --verbose=1
/Applications/Xcode.app/Contents/Developer/Toolchains/XcodeDefault.xctoolchain/usr/bin/cc   -Wl,-search_paths_first -Wl,-headerpad_max_install_names   CMakeFiles/cmTC_309cb.dir/testCCompiler.c.o  -o cmTC_309cb 


Detecting C compiler ABI info compiled with the following output:
Change Dir: /Users/leonardricci/Documents/Halite/Halite/CMakeFiles/CMakeTmp

Run Build Command:"/usr/bin/make" "cmTC_aeb81/fast"
/Applications/Xcode.app/Contents/Developer/usr/bin/make -f CMakeFiles/cmTC_aeb81.dir/build.make CMakeFiles/cmTC_aeb81.dir/build
Building C object CMakeFiles/cmTC_aeb81.dir/CMakeCCompilerABI.c.o
/Applications/Xcode.app/Contents/Developer/Toolchains/XcodeDefault.xctoolchain/usr/bin/cc    -o CMakeFiles/cmTC_aeb81.dir/CMakeCCompilerABI.c.o   -c /usr/local/Cellar/cmake/3.10.1/share/cmake/Modules/CMakeCCompilerABI.c
Linking C executable cmTC_aeb81
/usr/local/Cellar/cmake/3.10.1/bin/cmake -E cmake_link_script CMakeFiles/cmTC_aeb81.dir/link.txt --verbose=1
/Applications/Xcode.app/Contents/Developer/Toolchains/XcodeDefault.xctoolchain/usr/bin/cc   -Wl,-search_paths_first -Wl,-headerpad_max_install_names  -v -Wl,-v CMakeFiles/cmTC_aeb81.dir/CMakeCCompilerABI.c.o  -o cmTC_aeb81 
Apple LLVM version 8.0.0 (clang-800.0.38)
Target: x86_64-apple-darwin15.6.0
Thread model: posix
InstalledDir: /Applications/Xcode.app/Contents/Developer/Toolchains/XcodeDefault.xctoolchain/usr/bin
 "/Applications/Xcode.app/Contents/Developer/Toolchains/XcodeDefault.xctoolchain/usr/bin/ld" -demangle -dynamic -arch x86_64 -macosx_version_min 10.11.0 -o cmTC_aeb81 -search_paths_first -headerpad_max_install_names -v CMakeFiles/cmTC_aeb81.dir/CMakeCCompilerABI.c.o -lSystem /Applications/Xcode.app/Contents/Developer/Toolchains/XcodeDefault.xctoolchain/usr/bin/../lib/clang/8.0.0/lib/darwin/libclang_rt.osx.a
@(#)PROGRAM:ld  PROJECT:ld64-274.1
configured to support archs: armv6 armv7 armv7s arm64 i386 x86_64 x86_64h armv6m armv7k armv7m armv7em (tvOS)
Library search paths:
	/usr/lib
	/usr/local/lib
Framework search paths:
	/Library/Frameworks/
	/System/Library/Frameworks/


Parsed C implicit link information from above output:
  link line regex: [^( *|.*[/\])(ld|CMAKE_LINK_STARTFILE-NOTFOUND|([^/\]+-)?ld|collect2)[^/\]*( |$)]
  ignore line: [Change Dir: /Users/leonardricci/Documents/Halite/Halite/CMakeFiles/CMakeTmp]
  ignore line: []
  ignore line: [Run Build Command:"/usr/bin/make" "cmTC_aeb81/fast"]
  ignore line: [/Applications/Xcode.app/Contents/Developer/usr/bin/make -f CMakeFiles/cmTC_aeb81.dir/build.make CMakeFiles/cmTC_aeb81.dir/build]
  ignore line: [Building C object CMakeFiles/cmTC_aeb81.dir/CMakeCCompilerABI.c.o]
  ignore line: [/Applications/Xcode.app/Contents/Developer/Toolchains/XcodeDefault.xctoolchain/usr/bin/cc    -o CMakeFiles/cmTC_aeb81.dir/CMakeCCompilerABI.c.o   -c /usr/local/Cellar/cmake/3.10.1/share/cmake/Modules/CMakeCCompilerABI.c]
  ignore line: [Linking C executable cmTC_aeb81]
  ignore line: [/usr/local/Cellar/cmake/3.10.1/bin/cmake -E cmake_link_script CMakeFiles/cmTC_aeb81.dir/link.txt --verbose=1]
  ignore line: [/Applications/Xcode.app/Contents/Developer/Toolchains/XcodeDefault.xctoolchain/usr/bin/cc   -Wl,-search_paths_first -Wl,-headerpad_max_install_names  -v -Wl,-v CMakeFiles/cmTC_aeb81.dir/CMakeCCompilerABI.c.o  -o cmTC_aeb81 ]
  ignore line: [Apple LLVM version 8.0.0 (clang-800.0.38)]
  ignore line: [Target: x86_64-apple-darwin15.6.0]
  ignore line: [Thread model: posix]
  ignore line: [InstalledDir: /Applications/Xcode.app/Contents/Developer/Toolchains/XcodeDefault.xctoolchain/usr/bin]
  link line: [ "/Applications/Xcode.app/Contents/Developer/Toolchains/XcodeDefault.xctoolchain/usr/bin/ld" -demangle -dynamic -arch x86_64 -macosx_version_min 10.11.0 -o cmTC_aeb81 -search_paths_first -headerpad_max_install_names -v CMakeFiles/cmTC_aeb81.dir/CMakeCCompilerABI.c.o -lSystem /Applications/Xcode.app/Contents/Developer/Toolchains/XcodeDefault.xctoolchain/usr/bin/../lib/clang/8.0.0/lib/darwin/libclang_rt.osx.a]
    arg [/Applications/Xcode.app/Contents/Developer/Toolchains/XcodeDefault.xctoolchain/usr/bin/ld] ==> ignore
    arg [-demangle] ==> ignore
    arg [-dynamic] ==> ignore
    arg [-arch] ==> ignore
    arg [x86_64] ==> ignore
    arg [-macosx_version_min] ==> ignore
    arg [10.11.0] ==> ignore
    arg [-o] ==> ignore
    arg [cmTC_aeb81] ==> ignore
    arg [-search_paths_first] ==> ignore
    arg [-headerpad_max_install_names] ==> ignore
    arg [-v] ==> ignore
    arg [CMakeFiles/cmTC_aeb81.dir/CMakeCCompilerABI.c.o] ==> ignore
    arg [-lSystem] ==> lib [System]
    arg [/Applications/Xcode.app/Contents/Developer/Toolchains/XcodeDefault.xctoolchain/usr/bin/../lib/clang/8.0.0/lib/darwin/libclang_rt.osx.a] ==> lib [/Applications/Xcode.app/Contents/Developer/Toolchains/XcodeDefault.xctoolchain/usr/bin/../lib/clang/8.0.0/lib/darwin/libclang_rt.osx.a]
  Library search paths: [;/usr/lib;/usr/local/lib]
  Framework search paths: [;/Library/Frameworks/;/System/Library/Frameworks/]
  remove lib [System]
  remove lib [/Applications/Xcode.app/Contents/Developer/Toolchains/XcodeDefault.xctoolchain/usr/bin/../lib/clang/8.0.0/lib/darwin/libclang_rt.osx.a]
  collapse library dir [/usr/lib] ==> [/usr/lib]
  collapse library dir [/usr/local/lib] ==> [/usr/local/lib]
  collapse framework dir [/Library/Frameworks/] ==> [/Library/Frameworks]
  collapse framework dir [/System/Library/Frameworks/] ==> [/System/Library/Frameworks]
  implicit libs: []
  implicit dirs: [/usr/lib;/usr/local/lib]
  implicit fwks: [/Library/Frameworks;/System/Library/Frameworks]




Detecting C [-std=c11] compiler features compiled with the following output:
Change Dir: /Users/leonardricci/Documents/Halite/Halite/CMakeFiles/CMakeTmp

Run Build Command:"/usr/bin/make" "cmTC_fd2a4/fast"
/Applications/Xcode.app/Contents/Developer/usr/bin/make -f CMakeFiles/cmTC_fd2a4.dir/build.make CMakeFiles/cmTC_fd2a4.dir/build
Building C object CMakeFiles/cmTC_fd2a4.dir/feature_tests.c.o
/Applications/Xcode.app/Contents/Developer/Toolchains/XcodeDefault.xctoolchain/usr/bin/cc   -std=c11 -o CMakeFiles/cmTC_fd2a4.dir/feature_tests.c.o   -c /Users/leonardricci/Documents/Halite/Halite/CMakeFiles/feature_tests.c
Linking C executable cmTC_fd2a4
/usr/local/Cellar/cmake/3.10.1/bin/cmake -E cmake_link_script CMakeFiles/cmTC_fd2a4.dir/link.txt --verbose=1
/Applications/Xcode.app/Contents/Developer/Toolchains/XcodeDefault.xctoolchain/usr/bin/cc   -Wl,-search_paths_first -Wl,-headerpad_max_install_names   CMakeFiles/cmTC_fd2a4.dir/feature_tests.c.o  -o cmTC_fd2a4 


    Feature record: C_FEATURE:1c_function_prototypes
    Feature record: C_FEATURE:1c_restrict
    Feature record: C_FEATURE:1c_static_assert
    Feature record: C_FEATURE:1c_variadic_macros


Detecting C [-std=c99] compiler features compiled with the following output:
Change Dir: /Users/leonardricci/Documents/Halite/Halite/CMakeFiles/CMakeTmp

Run Build Command:"/usr/bin/make" "cmTC_4355e/fast"
/Applications/Xcode.app/Contents/Developer/usr/bin/make -f CMakeFiles/cmTC_4355e.dir/build.make CMakeFiles/cmTC_4355e.dir/build
Building C object CMakeFiles/cmTC_4355e.dir/feature_tests.c.o
/Applications/Xcode.app/Contents/Developer/Toolchains/XcodeDefault.xctoolchain/usr/bin/cc   -std=c99 -o CMakeFiles/cmTC_4355e.dir/feature_tests.c.o   -c /Users/leonardricci/Documents/Halite/Halite/CMakeFiles/feature_tests.c
Linking C executable cmTC_4355e
/usr/local/Cellar/cmake/3.10.1/bin/cmake -E cmake_link_script CMakeFiles/cmTC_4355e.dir/link.txt --verbose=1
/Applications/Xcode.app/Contents/Developer/Toolchains/XcodeDefault.xctoolchain/usr/bin/cc   -Wl,-search_paths_first -Wl,-headerpad_max_install_names   CMakeFiles/cmTC_4355e.dir/feature_tests.c.o  -o cmTC_4355e 


    Feature record: C_FEATURE:1c_function_prototypes
    Feature record: C_FEATURE:1c_restrict
    Feature record: C_FEATURE:0c_static_assert
    Feature record: C_FEATURE:1c_variadic_macros


Detecting C [-std=c90] compiler features compiled with the following output:
Change Dir: /Users/leonardricci/Documents/Halite/Halite/CMakeFiles/CMakeTmp

Run Build Command:"/usr/bin/make" "cmTC_fdb0c/fast"
/Applications/Xcode.app/Contents/Developer/usr/bin/make -f CMakeFiles/cmTC_fdb0c.dir/build.make CMakeFiles/cmTC_fdb0c.dir/build
Building C object CMakeFiles/cmTC_fdb0c.dir/feature_tests.c.o
/Applications/Xcode.app/Contents/Developer/Toolchains/XcodeDefault.xctoolchain/usr/bin/cc   -std=c90 -o CMakeFiles/cmTC_fdb0c.dir/feature_tests.c.o   -c /Users/leonardricci/Documents/Halite/Halite/CMakeFiles/feature_tests.c
Linking C executable cmTC_fdb0c
/usr/local/Cellar/cmake/3.10.1/bin/cmake -E cmake_link_script CMakeFiles/cmTC_fdb0c.dir/link.txt --verbose=1
/Applications/Xcode.app/Contents/Developer/Toolchains/XcodeDefault.xctoolchain/usr/bin/cc   -Wl,-search_paths_first -Wl,-headerpad_max_install_names   CMakeFiles/cmTC_fdb0c.dir/feature_tests.c.o  -o cmTC_fdb0c 


    Feature record: C_FEATURE:1c_function_prototypes
    Feature record: C_FEATURE:0c_restrict
    Feature record: C_FEATURE:0c_static_assert
    Feature record: C_FEATURE:0c_variadic_macros
Determining if the CXX compiler works passed with the following output:
Change Dir: /Users/leonardricci/Documents/Halite/Halite/CMakeFiles/CMakeTmp

Run Build Command:"/usr/bin/make" "cmTC_97922/fast"
/Applications/Xcode.app/Contents/Developer/usr/bin/make -f CMakeFiles/cmTC_97922.dir/build.make CMakeFiles/cmTC_97922.dir/build
Building CXX object CMakeFiles/cmTC_97922.dir/testCXXCompiler.cxx.o
/Applications/Xcode.app/Contents/Developer/Toolchains/XcodeDefault.xctoolchain/usr/bin/c++     -o CMakeFiles/cmTC_97922.dir/testCXXCompiler.cxx.o -c /Users/leonardricci/Documents/Halite/Halite/CMakeFiles/CMakeTmp/testCXXCompiler.cxx
Linking CXX executable cmTC_97922
/usr/local/Cellar/cmake/3.10.1/bin/cmake -E cmake_link_script CMakeFiles/cmTC_97922.dir/link.txt --verbose=1
/Applications/Xcode.app/Contents/Developer/Toolchains/XcodeDefault.xctoolchain/usr/bin/c++    -Wl,-search_paths_first -Wl,-headerpad_max_install_names   CMakeFiles/cmTC_97922.dir/testCXXCompiler.cxx.o  -o cmTC_97922 


Detecting CXX compiler ABI info compiled with the following output:
Change Dir: /Users/leonardricci/Documents/Halite/Halite/CMakeFiles/CMakeTmp

Run Build Command:"/usr/bin/make" "cmTC_b0eb2/fast"
/Applications/Xcode.app/Contents/Developer/usr/bin/make -f CMakeFiles/cmTC_b0eb2.dir/build.make CMakeFiles/cmTC_b0eb2.dir/build
Building CXX object CMakeFiles/cmTC_b0eb2.dir/CMakeCXXCompilerABI.cpp.o
/Applications/Xcode.app/Contents/Developer/Toolchains/XcodeDefault.xctoolchain/usr/bin/c++     -o CMakeFiles/cmTC_b0eb2.dir/CMakeCXXCompilerABI.cpp.o -c /usr/local/Cellar/cmake/3.10.1/share/cmake/Modules/CMakeCXXCompilerABI.cpp
Linking CXX executable cmTC_b0eb2
/usr/local/Cellar/cmake/3.10.1/bin/cmake -E cmake_link_script CMakeFiles/cmTC_b0eb2.dir/link.txt --verbose=1
/Applications/Xcode.app/Contents/Developer/Toolchains/XcodeDefault.xctoolchain/usr/bin/c++    -Wl,-search_paths_first -Wl,-headerpad_max_install_names  -v -Wl,-v CMakeFiles/cmTC_b0eb2.dir/CMakeCXXCompilerABI.cpp.o  -o cmTC_b0eb2 
Apple LLVM version 8.0.0 (clang-800.0.38)
Target: x86_64-apple-darwin15.6.0
Thread model: posix
InstalledDir: /Applications/Xcode.app/Contents/Developer/Toolchains/XcodeDefault.xctoolchain/usr/bin
 "/Applications/Xcode.app/Contents/Developer/Toolchains/XcodeDefault.xctoolchain/usr/bin/ld" -demangle -dynamic -arch x86_64 -macosx_version_min 10.11.0 -o cmTC_b0eb2 -search_paths_first -headerpad_max_install_names -v CMakeFiles/cmTC_b0eb2.dir/CMakeCXXCompilerABI.cpp.o -lc++ -lSystem /Applications/Xcode.app/Contents/Developer/Toolchains/XcodeDefault.xctoolchain/usr/bin/../lib/clang/8.0.0/lib/darwin/libclang_rt.osx.a
@(#)PROGRAM:ld  PROJECT:ld64-274.1
configured to support archs: armv6 armv7 armv7s arm64 i386 x86_64 x86_64h armv6m armv7k armv7m armv7em (tvOS)
Library search paths:
	/usr/lib
	/usr/local/lib
Framework search paths:
	/Library/Frameworks/
	/System/Library/Frameworks/


Parsed CXX implicit link information from above output:
  link line regex: [^( *|.*[/\])(ld|CMAKE_LINK_STARTFILE-NOTFOUND|([^/\]+-)?ld|collect2)[^/\]*( |$)]
  ignore line: [Change Dir: /Users/leonardricci/Documents/Halite/Halite/CMakeFiles/CMakeTmp]
  ignore line: []
  ignore line: [Run Build Command:"/usr/bin/make" "cmTC_b0eb2/fast"]
  ignore line: [/Applications/Xcode.app/Contents/Developer/usr/bin/make -f CMakeFiles/cmTC_b0eb2.dir/build.make CMakeFiles/cmTC_b0eb2.dir/build]
  ignore line: [Building CXX object CMakeFiles/cmTC_b0eb2.dir/CMakeCXXCompilerABI.cpp.o]
  ignore line: [/Applications/Xcode.app/Contents/Developer/Toolchains/XcodeDefault.xctoolchain/usr/bin/c++     -o CMakeFiles/cmTC_b0eb2.dir/CMakeCXXCompilerABI.cpp.o -c /usr/local/Cellar/cmake/3.10.1/share/cmake/Modules/CMakeCXXCompilerABI.cpp]
  ignore line: [Linking CXX executable cmTC_b0eb2]
  ignore line: [/usr/local/Cellar/cmake/3.10.1/bin/cmake -E cmake_link_script CMakeFiles/cmTC_b0eb2.dir/link.txt --verbose=1]
  ignore line: [/Applications/Xcode.app/Contents/Developer/Toolchains/XcodeDefault.xctoolchain/usr/bin/c++    -Wl,-search_paths_first -Wl,-headerpad_max_install_names  -v -Wl,-v CMakeFiles/cmTC_b0eb2.dir/CMakeCXXCompilerABI.cpp.o  -o cmTC_b0eb2 ]
  ignore line: [Apple LLVM version 8.0.0 (clang-800.0.38)]
  ignore line: [Target: x86_64-apple-darwin15.6.0]
  ignore line: [Thread model: posix]
  ignore line: [InstalledDir: /Applications/Xcode.app/Contents/Developer/Toolchains/XcodeDefault.xctoolchain/usr/bin]
  link line: [ "/Applications/Xcode.app/Contents/Developer/Toolchains/XcodeDefault.xctoolchain/usr/bin/ld" -demangle -dynamic -arch x86_64 -macosx_version_min 10.11.0 -o cmTC_b0eb2 -search_paths_first -headerpad_max_install_names -v CMakeFiles/cmTC_b0eb2.dir/CMakeCXXCompilerABI.cpp.o -lc++ -lSystem /Applications/Xcode.app/Contents/Developer/Toolchains/XcodeDefault.xctoolchain/usr/bin/../lib/clang/8.0.0/lib/darwin/libclang_rt.osx.a]
    arg [/Applications/Xcode.app/Contents/Developer/Toolchains/XcodeDefault.xctoolchain/usr/bin/ld] ==> ignore
    arg [-demangle] ==> ignore
    arg [-dynamic] ==> ignore
    arg [-arch] ==> ignore
    arg [x86_64] ==> ignore
    arg [-macosx_version_min] ==> ignore
    arg [10.11.0] ==> ignore
    arg [-o] ==> ignore
    arg [cmTC_b0eb2] ==> ignore
    arg [-search_paths_first] ==> ignore
    arg [-headerpad_max_install_names] ==> ignore
    arg [-v] ==> ignore
    arg [CMakeFiles/cmTC_b0eb2.dir/CMakeCXXCompilerABI.cpp.o] ==> ignore
    arg [-lc++] ==> lib [c++]
    arg [-lSystem] ==> lib [System]
    arg [/Applications/Xcode.app/Contents/Developer/Toolchains/XcodeDefault.xctoolchain/usr/bin/../lib/clang/8.0.0/lib/darwin/libclang_rt.osx.a] ==> lib [/Applications/Xcode.app/Contents/Developer/Toolchains/XcodeDefault.xctoolchain/usr/bin/../lib/clang/8.0.0/lib/darwin/libclang_rt.osx.a]
  Library search paths: [;/usr/lib;/usr/local/lib]
  Framework search paths: [;/Library/Frameworks/;/System/Library/Frameworks/]
  remove lib [System]
  remove lib [/Applications/Xcode.app/Contents/Developer/Toolchains/XcodeDefault.xctoolchain/usr/bin/../lib/clang/8.0.0/lib/darwin/libclang_rt.osx.a]
  collapse library dir [/usr/lib] ==> [/usr/lib]
  collapse library dir [/usr/local/lib] ==> [/usr/local/lib]
  collapse framework dir [/Library/Frameworks/] ==> [/Library/Frameworks]
  collapse framework dir [/System/Library/Frameworks/] ==> [/System/Library/Frameworks]
  implicit libs: [c++]
  implicit dirs: [/usr/lib;/usr/local/lib]
  implicit fwks: [/Library/Frameworks;/System/Library/Frameworks]




Detecting CXX [-std=c++1z] compiler features compiled with the following output:
Change Dir: /Users/leonardricci/Documents/Halite/Halite/CMakeFiles/CMakeTmp

Run Build Command:"/usr/bin/make" "cmTC_bb768/fast"
/Applications/Xcode.app/Contents/Developer/usr/bin/make -f CMakeFiles/cmTC_bb768.dir/build.make CMakeFiles/cmTC_bb768.dir/build
Building CXX object CMakeFiles/cmTC_bb768.dir/feature_tests.cxx.o
/Applications/Xcode.app/Contents/Developer/Toolchains/XcodeDefault.xctoolchain/usr/bin/c++    -std=c++1z -o CMakeFiles/cmTC_bb768.dir/feature_tests.cxx.o -c /Users/leonardricci/Documents/Halite/Halite/CMakeFiles/feature_tests.cxx
Linking CXX executable cmTC_bb768
/usr/local/Cellar/cmake/3.10.1/bin/cmake -E cmake_link_script CMakeFiles/cmTC_bb768.dir/link.txt --verbose=1
/Applications/Xcode.app/Contents/Developer/Toolchains/XcodeDefault.xctoolchain/usr/bin/c++    -Wl,-search_paths_first -Wl,-headerpad_max_install_names   CMakeFiles/cmTC_bb768.dir/feature_tests.cxx.o  -o cmTC_bb768 


    Feature record: CXX_FEATURE:1cxx_aggregate_default_initializers
    Feature record: CXX_FEATURE:1cxx_alias_templates
    Feature record: CXX_FEATURE:1cxx_alignas
    Feature record: CXX_FEATURE:1cxx_alignof
    Feature record: CXX_FEATURE:1cxx_attributes
    Feature record: CXX_FEATURE:1cxx_attribute_deprecated
    Feature record: CXX_FEATURE:1cxx_auto_type
    Feature record: CXX_FEATURE:1cxx_binary_literals
    Feature record: CXX_FEATURE:1cxx_constexpr
    Feature record: CXX_FEATURE:1cxx_contextual_conversions
    Feature record: CXX_FEATURE:1cxx_decltype
    Feature record: CXX_FEATURE:1cxx_decltype_auto
    Feature record: CXX_FEATURE:1cxx_decltype_incomplete_return_types
    Feature record: CXX_FEATURE:1cxx_default_function_template_args
    Feature record: CXX_FEATURE:1cxx_defaulted_functions
    Feature record: CXX_FEATURE:1cxx_defaulted_move_initializers
    Feature record: CXX_FEATURE:1cxx_delegating_constructors
    Feature record: CXX_FEATURE:1cxx_deleted_functions
    Feature record: CXX_FEATURE:1cxx_digit_separators
    Feature record: CXX_FEATURE:1cxx_enum_forward_declarations
    Feature record: CXX_FEATURE:1cxx_explicit_conversions
    Feature record: CXX_FEATURE:1cxx_extended_friend_declarations
    Feature record: CXX_FEATURE:1cxx_extern_templates
    Feature record: CXX_FEATURE:1cxx_final
    Feature record: CXX_FEATURE:1cxx_func_identifier
    Feature record: CXX_FEATURE:1cxx_generalized_initializers
    Feature record: CXX_FEATURE:1cxx_generic_lambdas
    Feature record: CXX_FEATURE:1cxx_inheriting_constructors
    Feature record: CXX_FEATURE:1cxx_inline_namespaces
    Feature record: CXX_FEATURE:1cxx_lambdas
    Feature record: CXX_FEATURE:1cxx_lambda_init_captures
    Feature record: CXX_FEATURE:1cxx_local_type_template_args
    Feature record: CXX_FEATURE:1cxx_long_long_type
    Feature record: CXX_FEATURE:1cxx_noexcept
    Feature record: CXX_FEATURE:1cxx_nonstatic_member_init
    Feature record: CXX_FEATURE:1cxx_nullptr
    Feature record: CXX_FEATURE:1cxx_override
    Feature record: CXX_FEATURE:1cxx_range_for
    Feature record: CXX_FEATURE:1cxx_raw_string_literals
    Feature record: CXX_FEATURE:1cxx_reference_qualified_functions
    Feature record: CXX_FEATURE:1cxx_relaxed_constexpr
    Feature record: CXX_FEATURE:1cxx_return_type_deduction
    Feature record: CXX_FEATURE:1cxx_right_angle_brackets
    Feature record: CXX_FEATURE:1cxx_rvalue_references
    Feature record: CXX_FEATURE:1cxx_sizeof_member
    Feature record: CXX_FEATURE:1cxx_static_assert
    Feature record: CXX_FEATURE:1cxx_strong_enums
    Feature record: CXX_FEATURE:1cxx_template_template_parameters
    Feature record: CXX_FEATURE:1cxx_thread_local
    Feature record: CXX_FEATURE:1cxx_trailing_return_types
    Feature record: CXX_FEATURE:1cxx_unicode_literals
    Feature record: CXX_FEATURE:1cxx_uniform_initialization
    Feature record: CXX_FEATURE:1cxx_unrestricted_unions
    Feature record: CXX_FEATURE:1cxx_user_literals
    Feature record: CXX_FEATURE:1cxx_variable_templates
    Feature record: CXX_FEATURE:1cxx_variadic_macros
    Feature record: CXX_FEATURE:1cxx_variadic_templates


Detecting CXX [-std=c++14] compiler features compiled with the following output:
Change Dir: /Users/leonardricci/Documents/Halite/Halite/CMakeFiles/CMakeTmp

Run Build Command:"/usr/bin/make" "cmTC_8f4e5/fast"
/Applications/Xcode.app/Contents/Developer/usr/bin/make -f CMakeFiles/cmTC_8f4e5.dir/build.make CMakeFiles/cmTC_8f4e5.dir/build
Building CXX object CMakeFiles/cmTC_8f4e5.dir/feature_tests.cxx.o
/Applications/Xcode.app/Contents/Developer/Toolchains/XcodeDefault.xctoolchain/usr/bin/c++    -std=c++14 -o CMakeFiles/cmTC_8f4e5.dir/feature_tests.cxx.o -c /Users/leonardricci/Documents/Halite/Halite/CMakeFiles/feature_tests.cxx
Linking CXX executable cmTC_8f4e5
/usr/local/Cellar/cmake/3.10.1/bin/cmake -E cmake_link_script CMakeFiles/cmTC_8f4e5.dir/link.txt --verbose=1
/Applications/Xcode.app/Contents/Developer/Toolchains/XcodeDefault.xctoolchain/usr/bin/c++    -Wl,-search_paths_first -Wl,-headerpad_max_install_names   CMakeFiles/cmTC_8f4e5.dir/feature_tests.cxx.o  -o cmTC_8f4e5 


    Feature record: CXX_FEATURE:1cxx_aggregate_default_initializers
    Feature record: CXX_FEATURE:1cxx_alias_templates
    Feature record: CXX_FEATURE:1cxx_alignas
    Feature record: CXX_FEATURE:1cxx_alignof
    Feature record: CXX_FEATURE:1cxx_attributes
    Feature record: CXX_FEATURE:1cxx_attribute_deprecated
    Feature record: CXX_FEATURE:1cxx_auto_type
    Feature record: CXX_FEATURE:1cxx_binary_literals
    Feature record: CXX_FEATURE:1cxx_constexpr
    Feature record: CXX_FEATURE:1cxx_contextual_conversions
    Feature record: CXX_FEATURE:1cxx_decltype
    Feature record: CXX_FEATURE:1cxx_decltype_auto
    Feature record: CXX_FEATURE:1cxx_decltype_incomplete_return_types
    Feature record: CXX_FEATURE:1cxx_default_function_template_args
    Feature record: CXX_FEATURE:1cxx_defaulted_functions
    Feature record: CXX_FEATURE:1cxx_defaulted_move_initializers
    Feature record: CXX_FEATURE:1cxx_delegating_constructors
    Feature record: CXX_FEATURE:1cxx_deleted_functions
    Feature record: CXX_FEATURE:1cxx_digit_separators
    Feature record: CXX_FEATURE:1cxx_enum_forward_declarations
    Feature record: CXX_FEATURE:1cxx_explicit_conversions
    Feature record: CXX_FEATURE:1cxx_extended_friend_declarations
    Feature record: CXX_FEATURE:1cxx_extern_templates
    Feature record: CXX_FEATURE:1cxx_final
    Feature record: CXX_FEATURE:1cxx_func_identifier
    Feature record: CXX_FEATURE:1cxx_generalized_initializers
    Feature record: CXX_FEATURE:1cxx_generic_lambdas
    Feature record: CXX_FEATURE:1cxx_inheriting_constructors
    Feature record: CXX_FEATURE:1cxx_inline_namespaces
    Feature record: CXX_FEATURE:1cxx_lambdas
    Feature record: CXX_FEATURE:1cxx_lambda_init_captures
    Feature record: CXX_FEATURE:1cxx_local_type_template_args
    Feature record: CXX_FEATURE:1cxx_long_long_type
    Feature record: CXX_FEATURE:1cxx_noexcept
    Feature record: CXX_FEATURE:1cxx_nonstatic_member_init
    Feature record: CXX_FEATURE:1cxx_nullptr
    Feature record: CXX_FEATURE:1cxx_override
    Feature record: CXX_FEATURE:1cxx_range_for
    Feature record: CXX_FEATURE:1cxx_raw_string_literals
    Feature record: CXX_FEATURE:1cxx_reference_qualified_functions
    Feature record: CXX_FEATURE:1cxx_relaxed_constexpr
    Feature record: CXX_FEATURE:1cxx_return_type_deduction
    Feature record: CXX_FEATURE:1cxx_right_angle_brackets
    Feature record: CXX_FEATURE:1cxx_rvalue_references
    Feature record: CXX_FEATURE:1cxx_sizeof_member
    Feature record: CXX_FEATURE:1cxx_static_assert
    Feature record: CXX_FEATURE:1cxx_strong_enums
    Feature record: CXX_FEATURE:1cxx_template_template_parameters
    Feature record: CXX_FEATURE:1cxx_thread_local
    Feature record: CXX_FEATURE:1cxx_trailing_return_types
    Feature record: CXX_FEATURE:1cxx_unicode_literals
    Feature record: CXX_FEATURE:1cxx_uniform_initialization
    Feature record: CXX_FEATURE:1cxx_unrestricted_unions
    Feature record: CXX_FEATURE:1cxx_user_literals
    Feature record: CXX_FEATURE:1cxx_variable_templates
    Feature record: CXX_FEATURE:1cxx_variadic_macros
    Feature record: CXX_FEATURE:1cxx_variadic_templates


Detecting CXX [-std=c++11] compiler features compiled with the following output:
Change Dir: /Users/leonardricci/Documents/Halite/Halite/CMakeFiles/CMakeTmp

Run Build Command:"/usr/bin/make" "cmTC_06862/fast"
/Applications/Xcode.app/Contents/Developer/usr/bin/make -f CMakeFiles/cmTC_06862.dir/build.make CMakeFiles/cmTC_06862.dir/build
Building CXX object CMakeFiles/cmTC_06862.dir/feature_tests.cxx.o
/Applications/Xcode.app/Contents/Developer/Toolchains/XcodeDefault.xctoolchain/usr/bin/c++    -std=c++11 -o CMakeFiles/cmTC_06862.dir/feature_tests.cxx.o -c /Users/leonardricci/Documents/Halite/Halite/CMakeFiles/feature_tests.cxx
Linking CXX executable cmTC_06862
/usr/local/Cellar/cmake/3.10.1/bin/cmake -E cmake_link_script CMakeFiles/cmTC_06862.dir/link.txt --verbose=1
/Applications/Xcode.app/Contents/Developer/Toolchains/XcodeDefault.xctoolchain/usr/bin/c++    -Wl,-search_paths_first -Wl,-headerpad_max_install_names   CMakeFiles/cmTC_06862.dir/feature_tests.cxx.o  -o cmTC_06862 


    Feature record: CXX_FEATURE:0cxx_aggregate_default_initializers
    Feature record: CXX_FEATURE:1cxx_alias_templates
    Feature record: CXX_FEATURE:1cxx_alignas
    Feature record: CXX_FEATURE:1cxx_alignof
    Feature record: CXX_FEATURE:1cxx_attributes
    Feature record: CXX_FEATURE:0cxx_attribute_deprecated
    Feature record: CXX_FEATURE:1cxx_auto_type
    Feature record: CXX_FEATURE:0cxx_binary_literals
    Feature record: CXX_FEATURE:1cxx_constexpr
    Feature record: CXX_FEATURE:0cxx_contextual_conversions
    Feature record: CXX_FEATURE:1cxx_decltype
    Feature record: CXX_FEATURE:0cxx_decltype_auto
    Feature record: CXX_FEATURE:1cxx_decltype_incomplete_return_types
    Feature record: CXX_FEATURE:1cxx_default_function_template_args
    Feature record: CXX_FEATURE:1cxx_defaulted_functions
    Feature record: CXX_FEATURE:1cxx_defaulted_move_initializers
    Feature record: CXX_FEATURE:1cxx_delegating_constructors
    Feature record: CXX_FEATURE:1cxx_deleted_functions
    Feature record: CXX_FEATURE:0cxx_digit_separators
    Feature record: CXX_FEATURE:1cxx_enum_forward_declarations
    Feature record: CXX_FEATURE:1cxx_explicit_conversions
    Feature record: CXX_FEATURE:1cxx_extended_friend_declarations
    Feature record: CXX_FEATURE:1cxx_extern_templates
    Feature record: CXX_FEATURE:1cxx_final
    Feature record: CXX_FEATURE:1cxx_func_identifier
    Feature record: CXX_FEATURE:1cxx_generalized_initializers
    Feature record: CXX_FEATURE:0cxx_generic_lambdas
    Feature record: CXX_FEATURE:1cxx_inheriting_constructors
    Feature record: CXX_FEATURE:1cxx_inline_namespaces
    Feature record: CXX_FEATURE:1cxx_lambdas
    Feature record: CXX_FEATURE:0cxx_lambda_init_captures
    Feature record: CXX_FEATURE:1cxx_local_type_template_args
    Feature record: CXX_FEATURE:1cxx_long_long_type
    Feature record: CXX_FEATURE:1cxx_noexcept
    Feature record: CXX_FEATURE:1cxx_nonstatic_member_init
    Feature record: CXX_FEATURE:1cxx_nullptr
    Feature record: CXX_FEATURE:1cxx_override
    Feature record: CXX_FEATURE:1cxx_range_for
    Feature record: CXX_FEATURE:1cxx_raw_string_literals
    Feature record: CXX_FEATURE:1cxx_reference_qualified_functions
    Feature record: CXX_FEATURE:0cxx_relaxed_constexpr
    Feature record: CXX_FEATURE:0cxx_return_type_deduction
    Feature record: CXX_FEATURE:1cxx_right_angle_brackets
    Feature record: CXX_FEATURE:1cxx_rvalue_references
    Feature record: CXX_FEATURE:1cxx_sizeof_member
    Feature record: CXX_FEATURE:1cxx_static_assert
    Feature record: CXX_FEATURE:1cxx_strong_enums
    Feature record: CXX_FEATURE:1cxx_template_template_parameters
    Feature record: CXX_FEATURE:1cxx_thread_local
    Feature record: CXX_FEATURE:1cxx_trailing_return_types
    Feature record: CXX_FEATURE:1cxx_unicode_literals
    Feature record: CXX_FEATURE:1cxx_uniform_initialization
    Feature record: CXX_FEATURE:1cxx_unrestricted_unions
    Feature record: CXX_FEATURE:1cxx_user_literals
    Feature record: CXX_FEATURE:0cxx_variable_templates
    Feature record: CXX_FEATURE:1cxx_variadic_macros
    Feature record: CXX_FEATURE:1cxx_variadic_templates


Detecting CXX [-std=c++98] compiler features compiled with the following output:
Change Dir: /Users/leonardricci/Documents/Halite/Halite/CMakeFiles/CMakeTmp

Run Build Command:"/usr/bin/make" "cmTC_bf9fe/fast"
/Applications/Xcode.app/Contents/Developer/usr/bin/make -f CMakeFiles/cmTC_bf9fe.dir/build.make CMakeFiles/cmTC_bf9fe.dir/build
Building CXX object CMakeFiles/cmTC_bf9fe.dir/feature_tests.cxx.o
/Applications/Xcode.app/Contents/Developer/Toolchains/XcodeDefault.xctoolchain/usr/bin/c++    -std=c++98 -o CMakeFiles/cmTC_bf9fe.dir/feature_tests.cxx.o -c /Users/leonardricci/Documents/Halite/Halite/CMakeFiles/feature_tests.cxx
Linking CXX executable cmTC_bf9fe
/usr/local/Cellar/cmake/3.10.1/bin/cmake -E cmake_link_script CMakeFiles/cmTC_bf9fe.dir/link.txt --verbose=1
/Applications/Xcode.app/Contents/Developer/Toolchains/XcodeDefault.xctoolchain/usr/bin/c++    -Wl,-search_paths_first -Wl,-headerpad_max_install_names   CMakeFiles/cmTC_bf9fe.dir/feature_tests.cxx.o  -o cmTC_bf9fe 


    Feature record: CXX_FEATURE:0cxx_aggregate_default_initializers
    Feature record: CXX_FEATURE:0cxx_alias_templates
    Feature record: CXX_FEATURE:0cxx_alignas
    Feature record: CXX_FEATURE:0cxx_alignof
    Feature record: CXX_FEATURE:0cxx_attributes
    Feature record: CXX_FEATURE:0cxx_attribute_deprecated
    Feature record: CXX_FEATURE:0cxx_auto_type
    Feature record: CXX_FEATURE:0cxx_binary_literals
    Feature record: CXX_FEATURE:0cxx_constexpr
    Feature record: CXX_FEATURE:0cxx_contextual_conversions
    Feature record: CXX_FEATURE:0cxx_decltype
    Feature record: CXX_FEATURE:0cxx_decltype_auto
    Feature record: CXX_FEATURE:0cxx_decltype_incomplete_return_types
    Feature record: CXX_FEATURE:0cxx_default_function_template_args
    Feature record: CXX_FEATURE:0cxx_defaulted_functions
    Feature record: CXX_FEATURE:0cxx_defaulted_move_initializers
    Feature record: CXX_FEATURE:0cxx_delegating_constructors
    Feature record: CXX_FEATURE:0cxx_deleted_functions
    Feature record: CXX_FEATURE:0cxx_digit_separators
    Feature record: CXX_FEATURE:0cxx_enum_forward_declarations
    Feature record: CXX_FEATURE:0cxx_explicit_conversions
    Feature record: CXX_FEATURE:0cxx_extended_friend_declarations
    Feature record: CXX_FEATURE:0cxx_extern_templates
    Feature record: CXX_FEATURE:0cxx_final
    Feature record: CXX_FEATURE:0cxx_func_identifier
    Feature record: CXX_FEATURE:0cxx_generalized_initializers
    Feature record: CXX_FEATURE:0cxx_generic_lambdas
    Feature record: CXX_FEATURE:0cxx_inheriting_constructors
    Feature record: CXX_FEATURE:0cxx_inline_namespaces
    Feature record: CXX_FEATURE:0cxx_lambdas
    Feature record: CXX_FEATURE:0cxx_lambda_init_captures
    Feature record: CXX_FEATURE:0cxx_local_type_template_args
    Feature record: CXX_FEATURE:0cxx_long_long_type
    Feature record: CXX_FEATURE:0cxx_noexcept
    Feature record: CXX_FEATURE:0cxx_nonstatic_member_init
    Feature record: CXX_FEATURE:0cxx_nullptr
    Feature record: CXX_FEATURE:0cxx_override
    Feature record: CXX_FEATURE:0cxx_range_for
    Feature record: CXX_FEATURE:0cxx_raw_string_literals
    Feature record: CXX_FEATURE:0cxx_reference_qualified_functions
    Feature record: CXX_FEATURE:0cxx_relaxed_constexpr
    Feature record: CXX_FEATURE:0cxx_return_type_deduction
    Feature record: CXX_FEATURE:0cxx_right_angle_brackets
    Feature record: CXX_FEATURE:0cxx_rvalue_references
    Feature record: CXX_FEATURE:0cxx_sizeof_member
    Feature record: CXX_FEATURE:0cxx_static_assert
    Feature record: CXX_FEATURE:0cxx_strong_enums
    Feature record: CXX_FEATURE:1cxx_template_template_parameters
    Feature record: CXX_FEATURE:0cxx_thread_local
    Feature record: CXX_FEATURE:0cxx_trailing_return_types
    Feature record: CXX_FEATURE:0cxx_unicode_literals
    Feature record: CXX_FEATURE:0cxx_uniform_initialization
    Feature record: CXX_FEATURE:0cxx_unrestricted_unions
    Feature record: CXX_FEATURE:0cxx_user_literals
    Feature record: CXX_FEATURE:0cxx_variable_templates
    Feature record: CXX_FEATURE:0cxx_variadic_macros
    Feature record: CXX_FEATURE:0cxx_variadic_templates
Performing C++ SOURCE FILE Test CXX_FLAG_STD_CPLUSPLUS11 succeeded with the following output:
Change Dir: /Users/leonardricci/Documents/Halite/Halite/CMakeFiles/CMakeTmp

Run Build Command:"/usr/bin/make" "cmTC_8e421/fast"
/Applications/Xcode.app/Contents/Developer/usr/bin/make -f CMakeFiles/cmTC_8e421.dir/build.make CMakeFiles/cmTC_8e421.dir/build
Building CXX object CMakeFiles/cmTC_8e421.dir/src.cxx.o
/Applications/Xcode.app/Contents/Developer/Toolchains/XcodeDefault.xctoolchain/usr/bin/c++    -DCXX_FLAG_STD_CPLUSPLUS11   -std=c++11 -o CMakeFiles/cmTC_8e421.dir/src.cxx.o -c /Users/leonardricci/Documents/Halite/Halite/CMakeFiles/CMakeTmp/src.cxx
Linking CXX executable cmTC_8e421
/usr/local/Cellar/cmake/3.10.1/bin/cmake -E cmake_link_script CMakeFiles/cmTC_8e421.dir/link.txt --verbose=1
/Applications/Xcode.app/Contents/Developer/Toolchains/XcodeDefault.xctoolchain/usr/bin/c++   -DCXX_FLAG_STD_CPLUSPLUS11 -Wl,-search_paths_first -Wl,-headerpad_max_install_names   CMakeFiles/cmTC_8e421.dir/src.cxx.o  -o cmTC_8e421 

Source file was:
int main() { return 0; }
Performing C SOURCE FILE Test C_FLAG_STD_C99 succeeded with the following output:
Change Dir: /Users/leonardricci/Documents/Halite/Halite/CMakeFiles/CMakeTmp

Run Build Command:"/usr/bin/make" "cmTC_0df65/fast"
/Applications/Xcode.app/Contents/Developer/usr/bin/make -f CMakeFiles/cmTC_0df65.dir/build.make CMakeFiles/cmTC_0df65.dir/build
Building C object CMakeFiles/cmTC_0df65.dir/src.c.o
/Applications/Xcode.app/Contents/Developer/Toolchains/XcodeDefault.xctoolchain/usr/bin/cc   -DC_FLAG_STD_C99   -std=c99 -o CMakeFiles/cmTC_0df65.dir/src.c.o   -c /Users/leonardricci/Documents/Halite/Halite/CMakeFiles/CMakeTmp/src.c
Linking C executable cmTC_0df65
/usr/local/Cellar/cmake/3.10.1/bin/cmake -E cmake_link_script CMakeFiles/cmTC_0df65.dir/link.txt --verbose=1
/Applications/Xcode.app/Contents/Developer/Toolchains/XcodeDefault.xctoolchain/usr/bin/cc  -DC_FLAG_STD_C99 -Wl,-search_paths_first -Wl,-headerpad_max_install_names   CMakeFiles/cmTC_0df65.dir/src.c.o  -o cmTC_0df65 

Source file was:
int main(void) { return 0; }
Performing C SOURCE FILE Test C_FLAG_WALL succeeded with the following output:
Change Dir: /Users/leonardricci/Documents/Halite/Halite/CMakeFiles/CMakeTmp

Run Build Command:"/usr/bin/make" "cmTC_ed877/fast"
/Applications/Xcode.app/Contents/Developer/usr/bin/make -f CMakeFiles/cmTC_ed877.dir/build.make CMakeFiles/cmTC_ed877.dir/build
Building C object CMakeFiles/cmTC_ed877.dir/src.c.o
/Applications/Xcode.app/Contents/Developer/Toolchains/XcodeDefault.xctoolchain/usr/bin/cc   -std=c99 -DC_FLAG_WALL   -Wall -o CMakeFiles/cmTC_ed877.dir/src.c.o   -c /Users/leonardricci/Documents/Halite/Halite/CMakeFiles/CMakeTmp/src.c
Linking C executable cmTC_ed877
/usr/local/Cellar/cmake/3.10.1/bin/cmake -E cmake_link_script CMakeFiles/cmTC_ed877.dir/link.txt --verbose=1
/Applications/Xcode.app/Contents/Developer/Toolchains/XcodeDefault.xctoolchain/usr/bin/cc  -std=c99 -DC_FLAG_WALL -Wl,-search_paths_first -Wl,-headerpad_max_install_names   CMakeFiles/cmTC_ed877.dir/src.c.o  -o cmTC_ed877 

Source file was:
int main(void) { return 0; }
Performing C++ SOURCE FILE Test CXX_FLAG_WALL succeeded with the following output:
Change Dir: /Users/leonardricci/Documents/Halite/Halite/CMakeFiles/CMakeTmp

Run Build Command:"/usr/bin/make" "cmTC_cca2b/fast"
/Applications/Xcode.app/Contents/Developer/usr/bin/make -f CMakeFiles/cmTC_cca2b.dir/build.make CMakeFiles/cmTC_cca2b.dir/build
Building CXX object CMakeFiles/cmTC_cca2b.dir/src.cxx.o
/Applications/Xcode.app/Contents/Developer/Toolchains/XcodeDefault.xctoolchain/usr/bin/c++    -std=c++11 -DCXX_FLAG_WALL   -Wall -o CMakeFiles/cmTC_cca2b.dir/src.cxx.o -c /Users/leonardricci/Documents/Halite/Halite/CMakeFiles/CMakeTmp/src.cxx
Linking CXX executable cmTC_cca2b
/usr/local/Cellar/cmake/3.10.1/bin/cmake -E cmake_link_script CMakeFiles/cmTC_cca2b.dir/link.txt --verbose=1
/Applications/Xcode.app/Contents/Developer/Toolchains/XcodeDefault.xctoolchain/usr/bin/c++   -std=c++11 -DCXX_FLAG_WALL -Wl,-search_paths_first -Wl,-headerpad_max_install_names   CMakeFiles/cmTC_cca2b.dir/src.cxx.o  -o cmTC_cca2b 

Source file was:
int main() { return 0; }
Performing C SOURCE FILE Test C_FLAG_WEXTRA succeeded with the following output:
Change Dir: /Users/leonardricci/Documents/Halite/Halite/CMakeFiles/CMakeTmp

Run Build Command:"/usr/bin/make" "cmTC_93200/fast"
/Applications/Xcode.app/Contents/Developer/usr/bin/make -f CMakeFiles/cmTC_93200.dir/build.make CMakeFiles/cmTC_93200.dir/build
Building C object CMakeFiles/cmTC_93200.dir/src.c.o
/Applications/Xcode.app/Contents/Developer/Toolchains/XcodeDefault.xctoolchain/usr/bin/cc   -std=c99 -Wall -DC_FLAG_WEXTRA   -Wextra -o CMakeFiles/cmTC_93200.dir/src.c.o   -c /Users/leonardricci/Documents/Halite/Halite/CMakeFiles/CMakeTmp/src.c
Linking C executable cmTC_93200
/usr/local/Cellar/cmake/3.10.1/bin/cmake -E cmake_link_script CMakeFiles/cmTC_93200.dir/link.txt --verbose=1
/Applications/Xcode.app/Contents/Developer/Toolchains/XcodeDefault.xctoolchain/usr/bin/cc  -std=c99 -Wall -DC_FLAG_WEXTRA -Wl,-search_paths_first -Wl,-headerpad_max_install_names   CMakeFiles/cmTC_93200.dir/src.c.o  -o cmTC_93200 

Source file was:
int main(void) { return 0; }
Performing C++ SOURCE FILE Test CXX_FLAG_WEXTRA succeeded with the following output:
Change Dir: /Users/leonardricci/Documents/Halite/Halite/CMakeFiles/CMakeTmp

Run Build Command:"/usr/bin/make" "cmTC_ac509/fast"
/Applications/Xcode.app/Contents/Developer/usr/bin/make -f CMakeFiles/cmTC_ac509.dir/build.make CMakeFiles/cmTC_ac509.dir/build
Building CXX object CMakeFiles/cmTC_ac509.dir/src.cxx.o
/Applications/Xcode.app/Contents/Developer/Toolchains/XcodeDefault.xctoolchain/usr/bin/c++    -std=c++11 -Wall -DCXX_FLAG_WEXTRA   -Wextra -o CMakeFiles/cmTC_ac509.dir/src.cxx.o -c /Users/leonardricci/Documents/Halite/Halite/CMakeFiles/CMakeTmp/src.cxx
Linking CXX executable cmTC_ac509
/usr/local/Cellar/cmake/3.10.1/bin/cmake -E cmake_link_script CMakeFiles/cmTC_ac509.dir/link.txt --verbose=1
/Applications/Xcode.app/Contents/Developer/Toolchains/XcodeDefault.xctoolchain/usr/bin/c++   -std=c++11 -Wall -DCXX_FLAG_WEXTRA -Wl,-search_paths_first -Wl,-headerpad_max_install_names   CMakeFiles/cmTC_ac509.dir/src.cxx.o  -o cmTC_ac509 

Source file was:
int main() { return 0; }
Performing C SOURCE FILE Test C_FLAG_WUNDEF succeeded with the following output:
Change Dir: /Users/leonardricci/Documents/Halite/Halite/CMakeFiles/CMakeTmp

Run Build Command:"/usr/bin/make" "cmTC_f78f3/fast"
/Applications/Xcode.app/Contents/Developer/usr/bin/make -f CMakeFiles/cmTC_f78f3.dir/build.make CMakeFiles/cmTC_f78f3.dir/build
Building C object CMakeFiles/cmTC_f78f3.dir/src.c.o
/Applications/Xcode.app/Contents/Developer/Toolchains/XcodeDefault.xctoolchain/usr/bin/cc   -std=c99 -Wall -Wextra -DC_FLAG_WUNDEF   -Wundef -o CMakeFiles/cmTC_f78f3.dir/src.c.o   -c /Users/leonardricci/Documents/Halite/Halite/CMakeFiles/CMakeTmp/src.c
Linking C executable cmTC_f78f3
/usr/local/Cellar/cmake/3.10.1/bin/cmake -E cmake_link_script CMakeFiles/cmTC_f78f3.dir/link.txt --verbose=1
/Applications/Xcode.app/Contents/Developer/Toolchains/XcodeDefault.xctoolchain/usr/bin/cc  -std=c99 -Wall -Wextra -DC_FLAG_WUNDEF -Wl,-search_paths_first -Wl,-headerpad_max_install_names   CMakeFiles/cmTC_f78f3.dir/src.c.o  -o cmTC_f78f3 

Source file was:
int main(void) { return 0; }
Performing C++ SOURCE FILE Test CXX_FLAG_WUNDEF succeeded with the following output:
Change Dir: /Users/leonardricci/Documents/Halite/Halite/CMakeFiles/CMakeTmp

Run Build Command:"/usr/bin/make" "cmTC_03499/fast"
/Applications/Xcode.app/Contents/Developer/usr/bin/make -f CMakeFiles/cmTC_03499.dir/build.make CMakeFiles/cmTC_03499.dir/build
Building CXX object CMakeFiles/cmTC_03499.dir/src.cxx.o
/Applications/Xcode.app/Contents/Developer/Toolchains/XcodeDefault.xctoolchain/usr/bin/c++    -std=c++11 -Wall -Wextra -DCXX_FLAG_WUNDEF   -Wundef -o CMakeFiles/cmTC_03499.dir/src.cxx.o -c /Users/leonardricci/Documents/Halite/Halite/CMakeFiles/CMakeTmp/src.cxx
Linking CXX executable cmTC_03499
/usr/local/Cellar/cmake/3.10.1/bin/cmake -E cmake_link_script CMakeFiles/cmTC_03499.dir/link.txt --verbose=1
/Applications/Xcode.app/Contents/Developer/Toolchains/XcodeDefault.xctoolchain/usr/bin/c++   -std=c++11 -Wall -Wextra -DCXX_FLAG_WUNDEF -Wl,-search_paths_first -Wl,-headerpad_max_install_names   CMakeFiles/cmTC_03499.dir/src.cxx.o  -o cmTC_03499 

Source file was:
int main() { return 0; }
Performing C SOURCE FILE Test C_FLAG_WSHADOW succeeded with the following output:
Change Dir: /Users/leonardricci/Documents/Halite/Halite/CMakeFiles/CMakeTmp

Run Build Command:"/usr/bin/make" "cmTC_bc546/fast"
/Applications/Xcode.app/Contents/Developer/usr/bin/make -f CMakeFiles/cmTC_bc546.dir/build.make CMakeFiles/cmTC_bc546.dir/build
Building C object CMakeFiles/cmTC_bc546.dir/src.c.o
/Applications/Xcode.app/Contents/Developer/Toolchains/XcodeDefault.xctoolchain/usr/bin/cc   -std=c99 -Wall -Wextra -Wundef -DC_FLAG_WSHADOW   -Wshadow -o CMakeFiles/cmTC_bc546.dir/src.c.o   -c /Users/leonardricci/Documents/Halite/Halite/CMakeFiles/CMakeTmp/src.c
Linking C executable cmTC_bc546
/usr/local/Cellar/cmake/3.10.1/bin/cmake -E cmake_link_script CMakeFiles/cmTC_bc546.dir/link.txt --verbose=1
/Applications/Xcode.app/Contents/Developer/Toolchains/XcodeDefault.xctoolchain/usr/bin/cc  -std=c99 -Wall -Wextra -Wundef -DC_FLAG_WSHADOW -Wl,-search_paths_first -Wl,-headerpad_max_install_names   CMakeFiles/cmTC_bc546.dir/src.c.o  -o cmTC_bc546 

Source file was:
int main(void) { return 0; }
Performing C++ SOURCE FILE Test CXX_FLAG_WSHADOW succeeded with the following output:
Change Dir: /Users/leonardricci/Documents/Halite/Halite/CMakeFiles/CMakeTmp

Run Build Command:"/usr/bin/make" "cmTC_d6883/fast"
/Applications/Xcode.app/Contents/Developer/usr/bin/make -f CMakeFiles/cmTC_d6883.dir/build.make CMakeFiles/cmTC_d6883.dir/build
Building CXX object CMakeFiles/cmTC_d6883.dir/src.cxx.o
/Applications/Xcode.app/Contents/Developer/Toolchains/XcodeDefault.xctoolchain/usr/bin/c++    -std=c++11 -Wall -Wextra -Wundef -DCXX_FLAG_WSHADOW   -Wshadow -o CMakeFiles/cmTC_d6883.dir/src.cxx.o -c /Users/leonardricci/Documents/Halite/Halite/CMakeFiles/CMakeTmp/src.cxx
Linking CXX executable cmTC_d6883
/usr/local/Cellar/cmake/3.10.1/bin/cmake -E cmake_link_script CMakeFiles/cmTC_d6883.dir/link.txt --verbose=1
/Applications/Xcode.app/Contents/Developer/Toolchains/XcodeDefault.xctoolchain/usr/bin/c++   -std=c++11 -Wall -Wextra -Wundef -DCXX_FLAG_WSHADOW -Wl,-search_paths_first -Wl,-headerpad_max_install_names   CMakeFiles/cmTC_d6883.dir/src.cxx.o  -o cmTC_d6883 

Source file was:
int main() { return 0; }
Performing C SOURCE FILE Test C_FLAG_WCAST_ALIGN succeeded with the following output:
Change Dir: /Users/leonardricci/Documents/Halite/Halite/CMakeFiles/CMakeTmp

Run Build Command:"/usr/bin/make" "cmTC_1d948/fast"
/Applications/Xcode.app/Contents/Developer/usr/bin/make -f CMakeFiles/cmTC_1d948.dir/build.make CMakeFiles/cmTC_1d948.dir/build
Building C object CMakeFiles/cmTC_1d948.dir/src.c.o
/Applications/Xcode.app/Contents/Developer/Toolchains/XcodeDefault.xctoolchain/usr/bin/cc   -std=c99 -Wall -Wextra -Wundef -Wshadow -DC_FLAG_WCAST_ALIGN   -Wcast-align -o CMakeFiles/cmTC_1d948.dir/src.c.o   -c /Users/leonardricci/Documents/Halite/Halite/CMakeFiles/CMakeTmp/src.c
Linking C executable cmTC_1d948
/usr/local/Cellar/cmake/3.10.1/bin/cmake -E cmake_link_script CMakeFiles/cmTC_1d948.dir/link.txt --verbose=1
/Applications/Xcode.app/Contents/Developer/Toolchains/XcodeDefault.xctoolchain/usr/bin/cc  -std=c99 -Wall -Wextra -Wundef -Wshadow -DC_FLAG_WCAST_ALIGN -Wl,-search_paths_first -Wl,-headerpad_max_install_names   CMakeFiles/cmTC_1d948.dir/src.c.o  -o cmTC_1d948 

Source file was:
int main(void) { return 0; }
Performing C++ SOURCE FILE Test CXX_FLAG_WCAST_ALIGN succeeded with the following output:
Change Dir: /Users/leonardricci/Documents/Halite/Halite/CMakeFiles/CMakeTmp

Run Build Command:"/usr/bin/make" "cmTC_8294f/fast"
/Applications/Xcode.app/Contents/Developer/usr/bin/make -f CMakeFiles/cmTC_8294f.dir/build.make CMakeFiles/cmTC_8294f.dir/build
Building CXX object CMakeFiles/cmTC_8294f.dir/src.cxx.o
/Applications/Xcode.app/Contents/Developer/Toolchains/XcodeDefault.xctoolchain/usr/bin/c++    -std=c++11 -Wall -Wextra -Wundef -Wshadow -DCXX_FLAG_WCAST_ALIGN   -Wcast-align -o CMakeFiles/cmTC_8294f.dir/src.cxx.o -c /Users/leonardricci/Documents/Halite/Halite/CMakeFiles/CMakeTmp/src.cxx
Linking CXX executable cmTC_8294f
/usr/local/Cellar/cmake/3.10.1/bin/cmake -E cmake_link_script CMakeFiles/cmTC_8294f.dir/link.txt --verbose=1
/Applications/Xcode.app/Contents/Developer/Toolchains/XcodeDefault.xctoolchain/usr/bin/c++   -std=c++11 -Wall -Wextra -Wundef -Wshadow -DCXX_FLAG_WCAST_ALIGN -Wl,-search_paths_first -Wl,-headerpad_max_install_names   CMakeFiles/cmTC_8294f.dir/src.cxx.o  -o cmTC_8294f 

Source file was:
int main() { return 0; }
Performing C SOURCE FILE Test C_FLAG_WCAST_QUAL succeeded with the following output:
Change Dir: /Users/leonardricci/Documents/Halite/Halite/CMakeFiles/CMakeTmp

Run Build Command:"/usr/bin/make" "cmTC_4839f/fast"
/Applications/Xcode.app/Contents/Developer/usr/bin/make -f CMakeFiles/cmTC_4839f.dir/build.make CMakeFiles/cmTC_4839f.dir/build
Building C object CMakeFiles/cmTC_4839f.dir/src.c.o
/Applications/Xcode.app/Contents/Developer/Toolchains/XcodeDefault.xctoolchain/usr/bin/cc   -std=c99 -Wall -Wextra -Wundef -Wshadow -Wcast-align -DC_FLAG_WCAST_QUAL   -Wcast-qual -o CMakeFiles/cmTC_4839f.dir/src.c.o   -c /Users/leonardricci/Documents/Halite/Halite/CMakeFiles/CMakeTmp/src.c
Linking C executable cmTC_4839f
/usr/local/Cellar/cmake/3.10.1/bin/cmake -E cmake_link_script CMakeFiles/cmTC_4839f.dir/link.txt --verbose=1
/Applications/Xcode.app/Contents/Developer/Toolchains/XcodeDefault.xctoolchain/usr/bin/cc  -std=c99 -Wall -Wextra -Wundef -Wshadow -Wcast-align -DC_FLAG_WCAST_QUAL -Wl,-search_paths_first -Wl,-headerpad_max_install_names   CMakeFiles/cmTC_4839f.dir/src.c.o  -o cmTC_4839f 

Source file was:
int main(void) { return 0; }
Performing C++ SOURCE FILE Test CXX_FLAG_WCAST_QUAL succeeded with the following output:
Change Dir: /Users/leonardricci/Documents/Halite/Halite/CMakeFiles/CMakeTmp

Run Build Command:"/usr/bin/make" "cmTC_ffc61/fast"
/Applications/Xcode.app/Contents/Developer/usr/bin/make -f CMakeFiles/cmTC_ffc61.dir/build.make CMakeFiles/cmTC_ffc61.dir/build
Building CXX object CMakeFiles/cmTC_ffc61.dir/src.cxx.o
/Applications/Xcode.app/Contents/Developer/Toolchains/XcodeDefault.xctoolchain/usr/bin/c++    -std=c++11 -Wall -Wextra -Wundef -Wshadow -Wcast-align -DCXX_FLAG_WCAST_QUAL   -Wcast-qual -o CMakeFiles/cmTC_ffc61.dir/src.cxx.o -c /Users/leonardricci/Documents/Halite/Halite/CMakeFiles/CMakeTmp/src.cxx
Linking CXX executable cmTC_ffc61
/usr/local/Cellar/cmake/3.10.1/bin/cmake -E cmake_link_script CMakeFiles/cmTC_ffc61.dir/link.txt --verbose=1
/Applications/Xcode.app/Contents/Developer/Toolchains/XcodeDefault.xctoolchain/usr/bin/c++   -std=c++11 -Wall -Wextra -Wundef -Wshadow -Wcast-align -DCXX_FLAG_WCAST_QUAL -Wl,-search_paths_first -Wl,-headerpad_max_install_names   CMakeFiles/cmTC_ffc61.dir/src.cxx.o  -o cmTC_ffc61 

Source file was:
int main() { return 0; }
Performing C SOURCE FILE Test C_FLAG_WSTRICT_PROTOTYPES succeeded with the following output:
Change Dir: /Users/leonardricci/Documents/Halite/Halite/CMakeFiles/CMakeTmp

Run Build Command:"/usr/bin/make" "cmTC_3d3b0/fast"
/Applications/Xcode.app/Contents/Developer/usr/bin/make -f CMakeFiles/cmTC_3d3b0.dir/build.make CMakeFiles/cmTC_3d3b0.dir/build
Building C object CMakeFiles/cmTC_3d3b0.dir/src.c.o
/Applications/Xcode.app/Contents/Developer/Toolchains/XcodeDefault.xctoolchain/usr/bin/cc   -std=c99 -Wall -Wextra -Wundef -Wshadow -Wcast-align -Wcast-qual -DC_FLAG_WSTRICT_PROTOTYPES   -Wstrict-prototypes -o CMakeFiles/cmTC_3d3b0.dir/src.c.o   -c /Users/leonardricci/Documents/Halite/Halite/CMakeFiles/CMakeTmp/src.c
Linking C executable cmTC_3d3b0
/usr/local/Cellar/cmake/3.10.1/bin/cmake -E cmake_link_script CMakeFiles/cmTC_3d3b0.dir/link.txt --verbose=1
/Applications/Xcode.app/Contents/Developer/Toolchains/XcodeDefault.xctoolchain/usr/bin/cc  -std=c99 -Wall -Wextra -Wundef -Wshadow -Wcast-align -Wcast-qual -DC_FLAG_WSTRICT_PROTOTYPES -Wl,-search_paths_first -Wl,-headerpad_max_install_names   CMakeFiles/cmTC_3d3b0.dir/src.c.o  -o cmTC_3d3b0 

Source file was:
int main(void) { return 0; }
Determining if the include file pthread.h exists passed with the following output:
Change Dir: /Users/leonardricci/Documents/Halite/Halite/CMakeFiles/CMakeTmp

Run Build Command:"/usr/bin/make" "cmTC_e4f4b/fast"
/Applications/Xcode.app/Contents/Developer/usr/bin/make -f CMakeFiles/cmTC_e4f4b.dir/build.make CMakeFiles/cmTC_e4f4b.dir/build
Building C object CMakeFiles/cmTC_e4f4b.dir/CheckIncludeFile.c.o
/Applications/Xcode.app/Contents/Developer/Toolchains/XcodeDefault.xctoolchain/usr/bin/cc   -std=c99 -Wall -Wextra -Wundef -Wshadow -Wcast-align -Wcast-qual -Wstrict-prototypes    -o CMakeFiles/cmTC_e4f4b.dir/CheckIncludeFile.c.o   -c /Users/leonardricci/Documents/Halite/Halite/CMakeFiles/CMakeTmp/CheckIncludeFile.c
Linking C executable cmTC_e4f4b
/usr/local/Cellar/cmake/3.10.1/bin/cmake -E cmake_link_script CMakeFiles/cmTC_e4f4b.dir/link.txt --verbose=1
/Applications/Xcode.app/Contents/Developer/Toolchains/XcodeDefault.xctoolchain/usr/bin/cc  -std=c99 -Wall -Wextra -Wundef -Wshadow -Wcast-align -Wcast-qual -Wstrict-prototypes  -Wl,-search_paths_first -Wl,-headerpad_max_install_names   CMakeFiles/cmTC_e4f4b.dir/CheckIncludeFile.c.o  -o cmTC_e4f4b 


Determining if the pthread_create exist passed with the following output:
Change Dir: /Users/leonardricci/Documents/Halite/Halite/CMakeFiles/CMakeTmp

Run Build Command:"/usr/bin/make" "cmTC_0f94b/fast"
/Applications/Xcode.app/Contents/Developer/usr/bin/make -f CMakeFiles/cmTC_0f94b.dir/build.make CMakeFiles/cmTC_0f94b.dir/build
Building C object CMakeFiles/cmTC_0f94b.dir/CheckSymbolExists.c.o
/Applications/Xcode.app/Contents/Developer/Toolchains/XcodeDefault.xctoolchain/usr/bin/cc   -std=c99 -Wall -Wextra -Wundef -Wshadow -Wcast-align -Wcast-qual -Wstrict-prototypes    -o CMakeFiles/cmTC_0f94b.dir/CheckSymbolExists.c.o   -c /Users/leonardricci/Documents/Halite/Halite/CMakeFiles/CMakeTmp/CheckSymbolExists.c
Linking C executable cmTC_0f94b
/usr/local/Cellar/cmake/3.10.1/bin/cmake -E cmake_link_script CMakeFiles/cmTC_0f94b.dir/link.txt --verbose=1
/Applications/Xcode.app/Contents/Developer/Toolchains/XcodeDefault.xctoolchain/usr/bin/cc  -std=c99 -Wall -Wextra -Wundef -Wshadow -Wcast-align -Wcast-qual -Wstrict-prototypes  -Wl,-search_paths_first -Wl,-headerpad_max_install_names   CMakeFiles/cmTC_0f94b.dir/CheckSymbolExists.c.o  -o cmTC_0f94b 

File /Users/leonardricci/Documents/Halite/Halite/CMakeFiles/CMakeTmp/CheckSymbolExists.c:
/* */
#include <pthread.h>

int main(int argc, char** argv)
{
  (void)argv;
#ifndef pthread_create
  return ((int*)(&pthread_create))[argc];
#else
  (void)argc;
  return 0;
#endif
}

